{"/home/jesus/Documentos/projects/react-vitest/src/components/Accordeon.tsx": {"path":"/home/jesus/Documentos/projects/react-vitest/src/components/Accordeon.tsx","all":false,"statementMap":{"0":{"start":{"line":1,"column":0},"end":{"line":1,"column":33}},"1":{"start":{"line":2,"column":0},"end":{"line":2,"column":0}},"2":{"start":{"line":3,"column":0},"end":{"line":3,"column":17}},"3":{"start":{"line":4,"column":0},"end":{"line":4,"column":16}},"4":{"start":{"line":5,"column":0},"end":{"line":5,"column":28}},"5":{"start":{"line":6,"column":0},"end":{"line":6,"column":1}},"6":{"start":{"line":7,"column":0},"end":{"line":7,"column":0}},"7":{"start":{"line":8,"column":0},"end":{"line":8,"column":51}},"8":{"start":{"line":9,"column":0},"end":{"line":9,"column":46}},"9":{"start":{"line":10,"column":0},"end":{"line":10,"column":10}},"10":{"start":{"line":11,"column":0},"end":{"line":11,"column":9}},"11":{"start":{"line":12,"column":0},"end":{"line":12,"column":14}},"12":{"start":{"line":13,"column":0},"end":{"line":13,"column":25}},"13":{"start":{"line":14,"column":0},"end":{"line":14,"column":51}},"14":{"start":{"line":15,"column":0},"end":{"line":15,"column":37}},"15":{"start":{"line":16,"column":0},"end":{"line":16,"column":17}},"16":{"start":{"line":17,"column":0},"end":{"line":17,"column":15}},"17":{"start":{"line":18,"column":0},"end":{"line":18,"column":39}},"18":{"start":{"line":19,"column":0},"end":{"line":19,"column":10}},"19":{"start":{"line":20,"column":0},"end":{"line":20,"column":4}},"20":{"start":{"line":21,"column":0},"end":{"line":21,"column":2}},"21":{"start":{"line":22,"column":0},"end":{"line":22,"column":0}},"22":{"start":{"line":23,"column":0},"end":{"line":23,"column":25}}},"s":{"0":1,"1":1,"2":1,"3":1,"4":1,"5":1,"6":1,"7":1,"8":5,"9":5,"10":5,"11":5,"12":5,"13":5,"14":5,"15":5,"16":5,"17":5,"18":5,"19":5,"20":5,"21":1,"22":1},"branchMap":{"0":{"type":"branch","line":8,"loc":{"start":{"line":8,"column":18},"end":{"line":21,"column":2}},"locations":[{"start":{"line":8,"column":18},"end":{"line":21,"column":2}}]},"1":{"type":"branch","line":15,"loc":{"start":{"line":15,"column":11},"end":{"line":15,"column":30}},"locations":[{"start":{"line":15,"column":11},"end":{"line":15,"column":30}}]},"2":{"type":"branch","line":15,"loc":{"start":{"line":15,"column":20},"end":{"line":15,"column":37}},"locations":[{"start":{"line":15,"column":20},"end":{"line":15,"column":37}}]},"3":{"type":"branch","line":18,"loc":{"start":{"line":18,"column":7},"end":{"line":18,"column":39}},"locations":[{"start":{"line":18,"column":7},"end":{"line":18,"column":39}}]},"4":{"type":"branch","line":14,"loc":{"start":{"line":14,"column":25},"end":{"line":14,"column":51}},"locations":[{"start":{"line":14,"column":25},"end":{"line":14,"column":51}}]}},"b":{"0":[5],"1":[1],"2":[4],"3":[1],"4":[1]},"fnMap":{"0":{"name":"Accordeon","decl":{"start":{"line":8,"column":18},"end":{"line":21,"column":2}},"loc":{"start":{"line":8,"column":18},"end":{"line":21,"column":2}},"line":8},"1":{"name":"onClick","decl":{"start":{"line":14,"column":25},"end":{"line":14,"column":51}},"loc":{"start":{"line":14,"column":25},"end":{"line":14,"column":51}},"line":14}},"f":{"0":5,"1":1}}
}
